# JRE version: Java(TM) SE Runtime Environment 18.9 (11.0.10+8) (build 11.0.10+8-LTS-162)
# Java VM: Java HotSpot(TM) 64-Bit Server VM 18.9 (11.0.10+8-LTS-162, mixed mode, tiered, compressed oops, g1 gc, windows-amd64)
Heap:
 garbage-first heap   total 260096K, used 92106K [0x0000000703200000, 0x0000000800000000)
  region size 1024K, 84 young (86016K), 7 survivors (7168K)
 Metaspace       used 42461K, capacity 43758K, committed 44108K, reserved 1087488K
  class space    used 5301K, capacity 5862K, committed 5964K, reserved 1048576K
GC Heap History (8 events):
Event: 0.917 GC heap before
{Heap before GC invocations=0 (full 0):
 garbage-first heap   total 260096K, used 24576K [0x0000000703200000, 0x0000000800000000)
  region size 1024K, 24 young (24576K), 0 survivors (0K)
 Metaspace       used 11866K, capacity 12173K, committed 12288K, reserved 1060864K
  class space    used 1163K, capacity 1252K, committed 1280K, reserved 1048576K
}
Event: 0.922 GC heap after
{Heap after GC invocations=1 (full 0):
 garbage-first heap   total 260096K, used 7724K [0x0000000703200000, 0x0000000800000000)
  region size 1024K, 3 young (3072K), 3 survivors (3072K)
 Metaspace       used 11866K, capacity 12173K, committed 12288K, reserved 1060864K
  class space    used 1163K, capacity 1252K, committed 1280K, reserved 1048576K
}
Event: 2.161 GC heap before
{Heap before GC invocations=1 (full 0):
 garbage-first heap   total 260096K, used 58924K [0x0000000703200000, 0x0000000800000000)
  region size 1024K, 54 young (55296K), 3 survivors (3072K)
 Metaspace       used 20480K, capacity 21205K, committed 21248K, reserved 1069056K
  class space    used 2280K, capacity 2553K, committed 2560K, reserved 1048576K
}
Event: 2.169 GC heap after
{Heap after GC invocations=2 (full 0):
 garbage-first heap   total 260096K, used 10050K [0x0000000703200000, 0x0000000800000000)
  region size 1024K, 6 young (6144K), 6 survivors (6144K)
 Metaspace       used 20480K, capacity 21205K, committed 21248K, reserved 1069056K
  class space    used 2280K, capacity 2553K, committed 2560K, reserved 1048576K
}
Event: 3.171 GC heap before
{Heap before GC invocations=3 (full 0):
 garbage-first heap   total 260096K, used 63298K [0x0000000703200000, 0x0000000800000000)
  region size 1024K, 58 young (59392K), 6 survivors (6144K)
 Metaspace       used 27260K, capacity 28236K, committed 28288K, reserved 1073152K
  class space    used 3286K, capacity 3681K, committed 3712K, reserved 1048576K
}
Event: 3.179 GC heap after
{Heap after GC invocations=4 (full 0):
 garbage-first heap   total 260096K, used 12073K [0x0000000703200000, 0x0000000800000000)
  region size 1024K, 5 young (5120K), 5 survivors (5120K)
 Metaspace       used 27260K, capacity 28236K, committed 28288K, reserved 1073152K
  class space    used 3286K, capacity 3681K, committed 3712K, reserved 1048576K
}
Event: 4.380 GC heap before
{Heap before GC invocations=4 (full 0):
 garbage-first heap   total 260096K, used 128809K [0x0000000703200000, 0x0000000800000000)
  region size 1024K, 121 young (123904K), 5 survivors (5120K)
 Metaspace       used 34713K, capacity 35825K, committed 35840K, reserved 1081344K
  class space    used 4173K, capacity 4593K, committed 4608K, reserved 1048576K
}
Event: 4.389 GC heap after
{Heap after GC invocations=5 (full 0):
 garbage-first heap   total 260096K, used 14282K [0x0000000703200000, 0x0000000800000000)
  region size 1024K, 7 young (7168K), 7 survivors (7168K)
 Metaspace       used 34713K, capacity 35825K, committed 35840K, reserved 1081344K
  class space    used 4173K, capacity 4593K, committed 4608K, reserved 1048576K
}

